<?xml version="1.0" encoding="UTF-8"?>
<!-- Generated by org.testng.reporters.JUnitReportReporter -->
<testsuite hostname="LAPTOP-E2PSIL5I" failures="0" tests="2" name="com.timeKeeping.actiTime.Selenium.basicTestCase.CreateCustomer" time="144.086" errors="0" timestamp="2022-09-07T22:01:06 IST" skipped="0">
  <testcase classname="com.timeKeeping.actiTime.Selenium.basicTestCase.CreateCustomer" name="addNewCustomer" time="41.083"/>
  <system-out>
Clicked 'Tasks' icon from top navigation menu Clicked 'Add New --> New Customer' Entered New Customer Details and Clicked 'Create Customer' button [Assertion Passed]: NEW CUSTOMER ADDED SUCCESSFULLY  </system-out>
  <testcase classname="com.timeKeeping.actiTime.Selenium.basicTestCase.CreateCustomer" name="addNewCustomer" time="103.003"/>
  <system-out>
Clicked 'Tasks' icon from top navigation menu Clicked 'Add New --> New Customer' Entered New Customer Details and Clicked 'Create Customer' button [Assertion Passed]: NEW CUSTOMER ADDED SUCCESSFULLY  </system-out>
</testsuite> <!-- com.timeKeeping.actiTime.Selenium.basicTestCase.CreateCustomer -->
