<?xml version="1.0" encoding="UTF-8"?>
<!-- Generated by org.testng.reporters.JUnitReportReporter -->
<testsuite hostname="LAPTOP-E2PSIL5I" failures="0" tests="1" name="com.timeKeeping.actiTime.Selenium.basicTestCase.NavigateToFacebook" time="32.853" errors="0" timestamp="02 Sep 2022 05:10:31 GMT" skipped="0">
  <testcase classname="com.timeKeeping.actiTime.Selenium.basicTestCase.NavigateToFacebook" name="demo1" time="32.853"/>
</testsuite> <!-- com.timeKeeping.actiTime.Selenium.basicTestCase.NavigateToFacebook -->
