<?xml version="1.0" encoding="UTF-8"?>
<!-- Generated by org.testng.reporters.JUnitReportReporter -->
<testsuite hostname="LAPTOP-E2PSIL5I" failures="0" tests="3" name="com.timeKeeping.actiTime.Selenium.basicTestCase.ToPerformGroupExecution" time="0.029" errors="0" timestamp="02 Sep 2022 05:21:23 GMT" skipped="0">
  <testcase classname="com.timeKeeping.actiTime.Selenium.basicTestCase.ToPerformGroupExecution" name="selectProduct" time="0.005"/>
  <testcase classname="com.timeKeeping.actiTime.Selenium.basicTestCase.ToPerformGroupExecution" name="addToCart" time="0.021"/>
  <testcase classname="com.timeKeeping.actiTime.Selenium.basicTestCase.ToPerformGroupExecution" name="payment" time="0.003"/>
</testsuite> <!-- com.timeKeeping.actiTime.Selenium.basicTestCase.ToPerformGroupExecution -->
