<?xml version="1.0" encoding="UTF-8"?>
<!-- Generated by org.testng.reporters.JUnitReportReporter -->
<testsuite hostname="LAPTOP-E2PSIL5I" failures="0" tests="3" name="com.timeKeeping.actiTime.Selenium.basicTestCase.ClassA" time="0.018" errors="0" timestamp="2022-09-07T11:14:25 IST" skipped="0">
  <testcase classname="com.timeKeeping.actiTime.Selenium.basicTestCase.ClassA" name="demo2" time="0.006"/>
  <system-out>
log from demo 2  </system-out>
  <testcase classname="com.timeKeeping.actiTime.Selenium.basicTestCase.ClassA" name="demo1" time="0.007"/>
  <system-out>
log from demo 1  </system-out>
  <testcase classname="com.timeKeeping.actiTime.Selenium.basicTestCase.ClassA" name="demo3" time="0.005"/>
  <system-out/>
</testsuite> <!-- com.timeKeeping.actiTime.Selenium.basicTestCase.ClassA -->
