<?xml version="1.0" encoding="UTF-8"?>
<!-- Generated by org.testng.reporters.JUnitReportReporter -->
<testsuite hostname="LAPTOP-E2PSIL5I" failures="0" tests="3" name="com.timeKeeping.actiTime.Selenium.basicTestCase.ClassB" time="0.029" errors="0" timestamp="2022-09-07T11:14:25 IST" skipped="0">
  <testcase classname="com.timeKeeping.actiTime.Selenium.basicTestCase.ClassB" name="demo6" time="0.010"/>
  <system-out/>
  <testcase classname="com.timeKeeping.actiTime.Selenium.basicTestCase.ClassB" name="demo5" time="0.004"/>
  <system-out/>
  <testcase classname="com.timeKeeping.actiTime.Selenium.basicTestCase.ClassB" name="demo4" time="0.015"/>
  <system-out/>
</testsuite> <!-- com.timeKeeping.actiTime.Selenium.basicTestCase.ClassB -->
