<?xml version="1.0" encoding="UTF-8"?>
<!-- Generated by org.testng.reporters.JUnitReportReporter -->
<testsuite hostname="LAPTOP-E2PSIL5I" failures="0" tests="1" name="com.timeKeeping.actiTime.Selenium.basicTestCase.NavigateToGoogle" time="14.178" errors="0" timestamp="01 Sep 2022 14:05:50 GMT" skipped="0">
  <testcase classname="com.timeKeeping.actiTime.Selenium.basicTestCase.NavigateToGoogle" name="demo1" time="14.178"/>
</testsuite> <!-- com.timeKeeping.actiTime.Selenium.basicTestCase.NavigateToGoogle -->
